<?xml version="1.0" encoding="UTF-8"?>
<testsuite name="this.is.TheTest" tests="1" skipped="0" failures="1" errors="0" timestamp="2017-01-12T14:48:16" hostname="host1-windows" time="20.0">
  <properties/>
  <testcase name="myTest" classname="this.is.TheTest" time="20.0">
		<failure message="A Failure" type="TheException">The Stacktrace</failure>
	</testcase>
  <system-out>
	Test run on windows
  </system-out>
  <system-err>
	Error happened on windows
  </system-err>
</testsuite>

