<?xml version="1.0" encoding="UTF-8"?>
<testsuite name="org.nowhere.SomeTest" tests="1" skipped="0" failures="0" errors="0" timestamp="2017-01-12T14:47:16" hostname="host1-linux" time="10.0">
  <properties/>
  <testcase name="myTest" classname="org.nowhere.SomeTest" time="10.0"/>
  <system-out>
	Test run on Linux
  </system-out>
  <system-err>
	No error on Linux
  </system-err>
</testsuite>

